Started GET "/" for 127.0.0.1 at 2017-02-22 10:43:47 -0500
  
LoadError (Unable to autoload constant HomeController, expected /home/will/Desktop/dev/congress_tracker/server/app/controllers/home_controller.rb to define it):
  
activesupport (5.0.1) lib/active_support/dependencies.rb:512:in `load_missing_constant'
activesupport (5.0.1) lib/active_support/dependencies.rb:203:in `const_missing'
activesupport (5.0.1) lib/active_support/inflector/methods.rb:268:in `const_get'
activesupport (5.0.1) lib/active_support/inflector/methods.rb:268:in `block in constantize'
activesupport (5.0.1) lib/active_support/inflector/methods.rb:266:in `each'
activesupport (5.0.1) lib/active_support/inflector/methods.rb:266:in `inject'
activesupport (5.0.1) lib/active_support/inflector/methods.rb:266:in `constantize'
activesupport (5.0.1) lib/active_support/dependencies.rb:583:in `get'
activesupport (5.0.1) lib/active_support/dependencies.rb:614:in `constantize'
actionpack (5.0.1) lib/action_dispatch/http/request.rb:81:in `controller_class'
actionpack (5.0.1) lib/action_dispatch/routing/route_set.rb:44:in `controller'
actionpack (5.0.1) lib/action_dispatch/routing/route_set.rb:30:in `serve'
actionpack (5.0.1) lib/action_dispatch/journey/router.rb:39:in `block in serve'
actionpack (5.0.1) lib/action_dispatch/journey/router.rb:26:in `each'
actionpack (5.0.1) lib/action_dispatch/journey/router.rb:26:in `serve'
actionpack (5.0.1) lib/action_dispatch/routing/route_set.rb:725:in `call'
rack (2.0.1) lib/rack/etag.rb:25:in `call'
rack (2.0.1) lib/rack/conditional_get.rb:25:in `call'
rack (2.0.1) lib/rack/head.rb:12:in `call'
activerecord (5.0.1) lib/active_record/migration.rb:553:in `call'
actionpack (5.0.1) lib/action_dispatch/middleware/callbacks.rb:38:in `block in call'
activesupport (5.0.1) lib/active_support/callbacks.rb:97:in `__run_callbacks__'
activesupport (5.0.1) lib/active_support/callbacks.rb:750:in `_run_call_callbacks'
activesupport (5.0.1) lib/active_support/callbacks.rb:90:in `run_callbacks'
actionpack (5.0.1) lib/action_dispatch/middleware/callbacks.rb:36:in `call'
actionpack (5.0.1) lib/action_dispatch/middleware/executor.rb:12:in `call'
actionpack (5.0.1) lib/action_dispatch/middleware/remote_ip.rb:79:in `call'
actionpack (5.0.1) lib/action_dispatch/middleware/debug_exceptions.rb:49:in `call'
actionpack (5.0.1) lib/action_dispatch/middleware/show_exceptions.rb:31:in `call'
railties (5.0.1) lib/rails/rack/logger.rb:36:in `call_app'
railties (5.0.1) lib/rails/rack/logger.rb:24:in `block in call'
activesupport (5.0.1) lib/active_support/tagged_logging.rb:69:in `block in tagged'
activesupport (5.0.1) lib/active_support/tagged_logging.rb:26:in `tagged'
activesupport (5.0.1) lib/active_support/tagged_logging.rb:69:in `tagged'
railties (5.0.1) lib/rails/rack/logger.rb:24:in `call'
actionpack (5.0.1) lib/action_dispatch/middleware/request_id.rb:24:in `call'
rack (2.0.1) lib/rack/runtime.rb:22:in `call'
activesupport (5.0.1) lib/active_support/cache/strategy/local_cache_middleware.rb:28:in `call'
actionpack (5.0.1) lib/action_dispatch/middleware/executor.rb:12:in `call'
actionpack (5.0.1) lib/action_dispatch/middleware/static.rb:136:in `call'
rack (2.0.1) lib/rack/sendfile.rb:111:in `call'
railties (5.0.1) lib/rails/engine.rb:522:in `call'
puma (3.7.1) lib/puma/configuration.rb:232:in `call'
puma (3.7.1) lib/puma/server.rb:578:in `handle_request'
puma (3.7.1) lib/puma/server.rb:415:in `process_client'
puma (3.7.1) lib/puma/server.rb:275:in `block in run'
puma (3.7.1) lib/puma/thread_pool.rb:120:in `block in spawn_thread'
Started GET "/favicon.ico" for 127.0.0.1 at 2017-02-22 10:43:47 -0500
  
ActionController::RoutingError (No route matches [GET] "/favicon.ico"):
  
actionpack (5.0.1) lib/action_dispatch/middleware/debug_exceptions.rb:53:in `call'
actionpack (5.0.1) lib/action_dispatch/middleware/show_exceptions.rb:31:in `call'
railties (5.0.1) lib/rails/rack/logger.rb:36:in `call_app'
railties (5.0.1) lib/rails/rack/logger.rb:24:in `block in call'
activesupport (5.0.1) lib/active_support/tagged_logging.rb:69:in `block in tagged'
activesupport (5.0.1) lib/active_support/tagged_logging.rb:26:in `tagged'
activesupport (5.0.1) lib/active_support/tagged_logging.rb:69:in `tagged'
railties (5.0.1) lib/rails/rack/logger.rb:24:in `call'
actionpack (5.0.1) lib/action_dispatch/middleware/request_id.rb:24:in `call'
rack (2.0.1) lib/rack/runtime.rb:22:in `call'
activesupport (5.0.1) lib/active_support/cache/strategy/local_cache_middleware.rb:28:in `call'
actionpack (5.0.1) lib/action_dispatch/middleware/executor.rb:12:in `call'
actionpack (5.0.1) lib/action_dispatch/middleware/static.rb:136:in `call'
rack (2.0.1) lib/rack/sendfile.rb:111:in `call'
railties (5.0.1) lib/rails/engine.rb:522:in `call'
puma (3.7.1) lib/puma/configuration.rb:232:in `call'
puma (3.7.1) lib/puma/server.rb:578:in `handle_request'
puma (3.7.1) lib/puma/server.rb:415:in `process_client'
puma (3.7.1) lib/puma/server.rb:275:in `block in run'
puma (3.7.1) lib/puma/thread_pool.rb:120:in `block in spawn_thread'
Started GET "/" for 127.0.0.1 at 2017-02-22 10:44:09 -0500
Processing by HomeController#index as HTML
Completed 204 No Content in 0ms (ActiveRecord: 0.0ms)


Started GET "/" for 127.0.0.1 at 2017-02-22 10:44:10 -0500
Processing by HomeController#index as HTML
Completed 204 No Content in 0ms (ActiveRecord: 0.0ms)


Started GET "/" for 127.0.0.1 at 2017-02-22 10:58:21 -0500
  
ActionController::RoutingError (undefined method `csrf_required?' for ApplicationController:Class):
  
app/controllers/application_controller.rb:2:in `<class:ApplicationController>'
app/controllers/application_controller.rb:1:in `<top (required)>'
app/controllers/home_controller.rb:1:in `<top (required)>'
Started GET "/states" for 127.0.0.1 at 2017-02-22 11:11:29 -0500
  
SyntaxError (/home/will/Desktop/dev/congress_tracker/server/app/controllers/states_controller.rb:4: syntax error, unexpected tIVAR, expecting keyword_end
/home/will/Desktop/dev/congress_tracker/server/app/controllers/states_controller.rb:9: syntax error, unexpected tIVAR, expecting keyword_end):
  
app/controllers/states_controller.rb:4: syntax error, unexpected tIVAR, expecting keyword_end
app/controllers/states_controller.rb:9: syntax error, unexpected tIVAR, expecting keyword_end
Started GET "/states" for 127.0.0.1 at 2017-02-22 11:13:32 -0500
  
SyntaxError (/home/will/Desktop/dev/congress_tracker/server/app/controllers/states_controller.rb:4: syntax error, unexpected tIVAR, expecting keyword_end
/home/will/Desktop/dev/congress_tracker/server/app/controllers/states_controller.rb:9: syntax error, unexpected tIVAR, expecting keyword_end):
  
app/controllers/states_controller.rb:4: syntax error, unexpected tIVAR, expecting keyword_end
app/controllers/states_controller.rb:9: syntax error, unexpected tIVAR, expecting keyword_end
Started GET "/states" for 127.0.0.1 at 2017-02-22 11:13:51 -0500
  
SyntaxError (/home/will/Desktop/dev/congress_tracker/server/app/controllers/states_controller.rb:4: syntax error, unexpected tIVAR, expecting keyword_end
/home/will/Desktop/dev/congress_tracker/server/app/controllers/states_controller.rb:9: syntax error, unexpected tIVAR, expecting keyword_end):
  
app/controllers/states_controller.rb:4: syntax error, unexpected tIVAR, expecting keyword_end
app/controllers/states_controller.rb:9: syntax error, unexpected tIVAR, expecting keyword_end
Started GET "/states" for 127.0.0.1 at 2017-02-22 11:14:07 -0500
  
SyntaxError (/home/will/Desktop/dev/congress_tracker/server/app/controllers/states_controller.rb:4: syntax error, unexpected tIVAR, expecting keyword_end
/home/will/Desktop/dev/congress_tracker/server/app/controllers/states_controller.rb:9: syntax error, unexpected tIVAR, expecting keyword_end):
  
app/controllers/states_controller.rb:4: syntax error, unexpected tIVAR, expecting keyword_end
app/controllers/states_controller.rb:9: syntax error, unexpected tIVAR, expecting keyword_end
DEPRECATION WARNING: Passing strings or symbols to the middleware builder is deprecated, please change
them to actual class references.  For example:

  "Rack::Cors" => Rack::Cors

 (called from <top (required)> at /home/will/Desktop/dev/congress_tracker/server/config/environment.rb:5)
Started GET "/states" for 127.0.0.1 at 2017-02-22 11:17:08 -0500
  
SyntaxError (/home/will/Desktop/dev/congress_tracker/server/app/controllers/states_controller.rb:4: syntax error, unexpected tIVAR, expecting keyword_end
/home/will/Desktop/dev/congress_tracker/server/app/controllers/states_controller.rb:9: syntax error, unexpected tIVAR, expecting keyword_end):
  
app/controllers/states_controller.rb:4: syntax error, unexpected tIVAR, expecting keyword_end
app/controllers/states_controller.rb:9: syntax error, unexpected tIVAR, expecting keyword_end
Started GET "/states" for 127.0.0.1 at 2017-02-22 11:17:34 -0500
  
SyntaxError (/home/will/Desktop/dev/congress_tracker/server/app/controllers/states_controller.rb:4: syntax error, unexpected tIVAR, expecting keyword_end
/home/will/Desktop/dev/congress_tracker/server/app/controllers/states_controller.rb:9: syntax error, unexpected tIVAR, expecting keyword_end):
  
app/controllers/states_controller.rb:4: syntax error, unexpected tIVAR, expecting keyword_end
app/controllers/states_controller.rb:9: syntax error, unexpected tIVAR, expecting keyword_end
Started GET "/states" for 127.0.0.1 at 2017-02-22 11:18:33 -0500
  
ArgumentError (Before process_action callback :verify_authenticity_token has not been defined):
  
app/controllers/application_controller.rb:2:in `<class:ApplicationController>'
app/controllers/application_controller.rb:1:in `<top (required)>'
app/controllers/states_controller.rb:1:in `<top (required)>'
Started GET "/states" for 127.0.0.1 at 2017-02-22 11:18:44 -0500
Processing by StatesController#index as HTML
Completed 500 Internal Server Error in 2ms (ActiveRecord: 0.0ms)


  
NameError (uninitialized constant State::HTTParty):
  
app/models/state.rb:2:in `<class:State>'
app/models/state.rb:1:in `<top (required)>'
app/controllers/states_controller.rb:3:in `index'
DEPRECATION WARNING: Passing strings or symbols to the middleware builder is deprecated, please change
them to actual class references.  For example:

  "Rack::Cors" => Rack::Cors

 (called from <top (required)> at /home/will/Desktop/dev/congress_tracker/server/config/environment.rb:5)
Started GET "/states" for 127.0.0.1 at 2017-02-22 11:22:09 -0500
Processing by StatesController#index as HTML
Completed 500 Internal Server Error in 6ms (ActiveRecord: 0.0ms)


  
NoMethodError (undefined method `get' for Class:Class
Did you mean?  gets
               gem):
  
app/models/state.rb:11:in `find_all'
app/controllers/states_controller.rb:3:in `index'
Started GET "/states" for 127.0.0.1 at 2017-02-22 11:23:46 -0500
Processing by StatesController#index as HTML
Completed 500 Internal Server Error in 2ms (ActiveRecord: 0.0ms)


  
NoMethodError (undefined method `get' for Class:Class
Did you mean?  gets
               gem):
  
app/models/state.rb:11:in `find_all'
app/controllers/states_controller.rb:3:in `index'
Started GET "/states" for 127.0.0.1 at 2017-02-22 11:24:43 -0500
Processing by StatesController#index as HTML
Completed 500 Internal Server Error in 3ms (ActiveRecord: 0.0ms)


  
Errno::ECONNREFUSED (Failed to open TCP connection to :80 (Connection refused - connect(2) for nil port 80)):
  
app/models/state.rb:11:in `find_all'
app/controllers/states_controller.rb:3:in `index'
Started GET "/states" for 127.0.0.1 at 2017-02-22 11:27:28 -0500
Processing by StatesController#index as HTML
Completed 500 Internal Server Error in 1ms (ActiveRecord: 0.0ms)


  
Errno::ECONNREFUSED (Failed to open TCP connection to :80 (Connection refused - connect(2) for nil port 80)):
  
app/models/state.rb:11:in `find_all'
app/controllers/states_controller.rb:3:in `index'
Started GET "/states" for 127.0.0.1 at 2017-02-22 11:29:25 -0500
Processing by StatesController#index as HTML
Completed 500 Internal Server Error in 2ms (ActiveRecord: 0.0ms)


  
NoMethodError (undefined method `name' for {:name=>"test"}:Hash):
  
app/models/state.rb:16:in `initialize'
app/models/state.rb:12:in `new'
app/models/state.rb:12:in `find_all'
app/controllers/states_controller.rb:3:in `index'
Started GET "/states" for 127.0.0.1 at 2017-02-22 11:29:53 -0500
Processing by StatesController#index as HTML
Completed 500 Internal Server Error in 3ms (ActiveRecord: 0.0ms)


  
NoMethodError (undefined method `name' for {:name=>"test"}:Hash):
  
app/models/state.rb:17:in `initialize'
app/models/state.rb:13:in `new'
app/models/state.rb:13:in `find_all'
app/controllers/states_controller.rb:3:in `index'
Started GET "/states" for 127.0.0.1 at 2017-02-22 11:30:03 -0500
Processing by StatesController#index as HTML
Completed 500 Internal Server Error in 2ms (ActiveRecord: 0.0ms)


  
NoMethodError (undefined method `name=' for #<State:0x000000019f5a00>):
  
app/models/state.rb:17:in `initialize'
app/models/state.rb:13:in `new'
app/models/state.rb:13:in `find_all'
app/controllers/states_controller.rb:3:in `index'
Started GET "/states" for 127.0.0.1 at 2017-02-22 11:30:30 -0500
Processing by StatesController#index as HTML
Completed 200 OK in 1ms (Views: 0.2ms | ActiveRecord: 0.0ms)


Started GET "/states" for 127.0.0.1 at 2017-02-22 11:31:03 -0500
Processing by StatesController#index as HTML
Completed 500 Internal Server Error in 2ms (ActiveRecord: 0.0ms)


  
Errno::ECONNREFUSED (Failed to open TCP connection to :80 (Connection refused - connect(2) for nil port 80)):
  
app/models/state.rb:13:in `find_all'
app/controllers/states_controller.rb:3:in `index'
Started GET "/states" for 127.0.0.1 at 2017-02-22 11:32:09 -0500
Processing by StatesController#index as HTML
Completed 500 Internal Server Error in 1ms (ActiveRecord: 0.0ms)


  
Errno::ECONNREFUSED (Failed to open TCP connection to :80 (Connection refused - connect(2) for nil port 80)):
  
app/models/state.rb:13:in `find_all'
app/controllers/states_controller.rb:3:in `index'
Started GET "/states" for 127.0.0.1 at 2017-02-22 11:32:50 -0500
Processing by StatesController#index as HTML
Completed 500 Internal Server Error in 3ms (ActiveRecord: 0.0ms)


  
NoMethodError (undefined method `get' for Class:Class
Did you mean?  gets
               gem):
  
app/models/state.rb:13:in `find_all'
app/controllers/states_controller.rb:3:in `index'
Started GET "/states" for 127.0.0.1 at 2017-02-22 11:35:00 -0500
Processing by StatesController#index as HTML
Completed 200 OK in 572ms (Views: 0.3ms | ActiveRecord: 0.0ms)


Started GET "/states" for 127.0.0.1 at 2017-02-22 11:35:33 -0500
Processing by StatesController#index as HTML
Completed 200 OK in 543ms (Views: 0.6ms | ActiveRecord: 0.0ms)


Started GET "/states" for 127.0.0.1 at 2017-02-22 11:35:49 -0500
Processing by StatesController#index as HTML
Completed 500 Internal Server Error in 2ms (ActiveRecord: 0.0ms)


  
NoMethodError (undefined method `pry' for #<Binding:0x00000002defbc8>
Did you mean?  pretty_print
               pretty_inspect
               pretty_print_cycle
               try):
  
app/models/state.rb:13:in `find_all'
app/controllers/states_controller.rb:3:in `index'
DEPRECATION WARNING: Passing strings or symbols to the middleware builder is deprecated, please change
them to actual class references.  For example:

  "Rack::Cors" => Rack::Cors

 (called from <top (required)> at /home/will/Desktop/dev/congress_tracker/server/config/environment.rb:5)
Started GET "/states" for 127.0.0.1 at 2017-02-22 11:36:11 -0500
Processing by StatesController#index as HTML
Completed   in 48720ms (ActiveRecord: 0.0ms)


DEPRECATION WARNING: Passing strings or symbols to the middleware builder is deprecated, please change
them to actual class references.  For example:

  "Rack::Cors" => Rack::Cors

 (called from <top (required)> at /home/will/Desktop/dev/congress_tracker/server/config/environment.rb:5)
Started GET "/states" for 127.0.0.1 at 2017-02-22 11:37:54 -0500
Processing by StatesController#index as HTML
Completed 200 OK in 71589ms (Views: 0.4ms | ActiveRecord: 0.0ms)


Started GET "/states" for 127.0.0.1 at 2017-02-22 11:39:15 -0500
Processing by StatesController#index as HTML
Completed 200 OK in 384ms (Views: 0.4ms | ActiveRecord: 0.0ms)


Started GET "/states" for 127.0.0.1 at 2017-02-22 11:39:47 -0500
Processing by StatesController#index as HTML
Completed 200 OK in 9484ms (Views: 0.1ms | ActiveRecord: 0.0ms)


Started GET "/states" for 127.0.0.1 at 2017-02-22 11:40:17 -0500
Processing by StatesController#index as HTML
Completed 200 OK in 32775ms (Views: 0.3ms | ActiveRecord: 0.0ms)


Started GET "/states" for 127.0.0.1 at 2017-02-22 11:40:54 -0500
Processing by StatesController#index as HTML
Completed 200 OK in 171ms (Views: 12.1ms | ActiveRecord: 0.0ms)


Started GET "/states" for 127.0.0.1 at 2017-02-22 11:41:28 -0500
Processing by StatesController#index as HTML
Completed 200 OK in 170ms (Views: 8.2ms | ActiveRecord: 0.0ms)


Started GET "/states" for 127.0.0.1 at 2017-02-22 11:41:42 -0500
Processing by StatesController#index as HTML
Completed 200 OK in 174ms (Views: 12.8ms | ActiveRecord: 0.0ms)


Started GET "/states" for 127.0.0.1 at 2017-02-22 11:43:37 -0500
Processing by StatesController#index as HTML
Completed 200 OK in 188ms (Views: 7.4ms | ActiveRecord: 0.0ms)


Started GET "/states" for 127.0.0.1 at 2017-02-22 11:43:44 -0500
Processing by StatesController#index as HTML
Completed 200 OK in 177ms (Views: 8.5ms | ActiveRecord: 0.0ms)


Started GET "/states" for 127.0.0.1 at 2017-02-22 11:43:49 -0500
Processing by StatesController#index as HTML
Completed 200 OK in 192ms (Views: 13.3ms | ActiveRecord: 0.0ms)


Started GET "/states" for 127.0.0.1 at 2017-02-22 11:49:40 -0500
Processing by StatesController#index as HTML
Completed 200 OK in 211ms (Views: 17.0ms | ActiveRecord: 0.0ms)


Started GET "/states" for 127.0.0.1 at 2017-02-22 11:52:13 -0500
Processing by StatesController#index as HTML
Completed 200 OK in 183ms (Views: 9.3ms | ActiveRecord: 0.0ms)


Started GET "/states" for 127.0.0.1 at 2017-02-22 11:53:22 -0500
Processing by StatesController#index as HTML
Completed 200 OK in 199ms (Views: 6.2ms | ActiveRecord: 0.0ms)


Started GET "/states" for 127.0.0.1 at 2017-02-22 11:59:11 -0500
Processing by StatesController#index as HTML
Completed 200 OK in 648ms (Views: 4.1ms | ActiveRecord: 0.0ms)


Started GET "/states" for 127.0.0.1 at 2017-02-22 12:00:24 -0500
Processing by StatesController#index as HTML
Completed 200 OK in 189ms (Views: 6.3ms | ActiveRecord: 0.0ms)


Started GET "/states" for 127.0.0.1 at 2017-02-22 12:03:41 -0500
Processing by StatesController#index as HTML
Completed 200 OK in 202ms (Views: 7.7ms | ActiveRecord: 0.0ms)


Started GET "/states" for 127.0.0.1 at 2017-02-22 12:04:07 -0500
Processing by StatesController#index as HTML
Completed 200 OK in 196ms (Views: 14.7ms | ActiveRecord: 0.0ms)


Started GET "/states" for 127.0.0.1 at 2017-02-22 12:07:49 -0500
Processing by StatesController#index as HTML
Completed 200 OK in 191ms (Views: 7.1ms | ActiveRecord: 0.0ms)


Started GET "/states/" for 127.0.0.1 at 2017-02-22 12:07:50 -0500
Processing by StatesController#index as HTML
Completed 200 OK in 332ms (Views: 9.7ms | ActiveRecord: 0.0ms)


Started GET "/states/" for 127.0.0.1 at 2017-02-22 12:08:09 -0500
Processing by StatesController#index as HTML
Completed 200 OK in 185ms (Views: 7.1ms | ActiveRecord: 0.0ms)


Started GET "/states/" for 127.0.0.1 at 2017-02-22 12:08:25 -0500
Processing by StatesController#index as HTML
Completed 200 OK in 164ms (Views: 4.8ms | ActiveRecord: 0.0ms)


Started GET "/states/" for 127.0.0.1 at 2017-02-22 12:09:04 -0500
Processing by StatesController#index as HTML
Completed 200 OK in 188ms (Views: 12.8ms | ActiveRecord: 0.0ms)


Started GET "/states" for 127.0.0.1 at 2017-02-22 12:10:36 -0500
Processing by StatesController#index as HTML
Completed 200 OK in 208ms (Views: 11.8ms | ActiveRecord: 0.0ms)


Started GET "/states/" for 127.0.0.1 at 2017-02-22 12:10:37 -0500
Processing by StatesController#index as HTML
Completed 200 OK in 250ms (Views: 10.5ms | ActiveRecord: 0.0ms)


Started GET "/states" for 127.0.0.1 at 2017-02-22 12:10:39 -0500
Processing by StatesController#index as HTML
Completed 200 OK in 190ms (Views: 9.1ms | ActiveRecord: 0.0ms)


Started GET "/states" for 127.0.0.1 at 2017-02-22 12:10:58 -0500
Processing by StatesController#index as HTML
Completed 200 OK in 179ms (Views: 13.3ms | ActiveRecord: 0.0ms)


Started GET "/states" for 127.0.0.1 at 2017-02-22 12:11:05 -0500
Processing by StatesController#index as HTML
Completed 200 OK in 238ms (Views: 12.7ms | ActiveRecord: 0.0ms)


Started GET "/states" for 127.0.0.1 at 2017-02-22 12:12:13 -0500
Processing by StatesController#index as HTML
Completed 200 OK in 169ms (Views: 11.9ms | ActiveRecord: 0.0ms)


Started GET "/states" for 127.0.0.1 at 2017-02-22 12:12:25 -0500
Processing by StatesController#index as HTML
Completed 200 OK in 167ms (Views: 6.9ms | ActiveRecord: 0.0ms)


Started GET "/states" for 127.0.0.1 at 2017-02-22 12:13:06 -0500
Processing by StatesController#index as HTML
Completed 200 OK in 576ms (Views: 7.3ms | ActiveRecord: 0.0ms)


Started GET "/states/" for 127.0.0.1 at 2017-02-22 12:13:11 -0500
Processing by StatesController#index as HTML
Completed 200 OK in 190ms (Views: 7.6ms | ActiveRecord: 0.0ms)


Started GET "/states" for 127.0.0.1 at 2017-02-22 12:13:13 -0500
Processing by StatesController#index as HTML
Completed 200 OK in 211ms (Views: 11.5ms | ActiveRecord: 0.0ms)


Started GET "/states" for 127.0.0.1 at 2017-02-22 12:17:18 -0500
Processing by StatesController#index as HTML
Completed 200 OK in 184ms (Views: 3.7ms | ActiveRecord: 0.0ms)


Started GET "/states/undefined" for 127.0.0.1 at 2017-02-22 12:17:24 -0500
Processing by StatesController#show as HTML
  Parameters: {"id"=>"undefined"}
Completed 200 OK in 261ms (Views: 0.5ms | ActiveRecord: 0.0ms)


Started GET "/states" for 127.0.0.1 at 2017-02-22 12:17:26 -0500
Processing by StatesController#index as HTML
Completed 200 OK in 184ms (Views: 3.1ms | ActiveRecord: 0.0ms)


Started GET "/states" for 127.0.0.1 at 2017-02-22 12:18:00 -0500
Processing by StatesController#index as HTML
Completed 200 OK in 196ms (Views: 6.3ms | ActiveRecord: 0.0ms)


Started GET "/states/undefined" for 127.0.0.1 at 2017-02-22 12:18:01 -0500
Processing by StatesController#show as HTML
  Parameters: {"id"=>"undefined"}
Completed 200 OK in 257ms (Views: 0.2ms | ActiveRecord: 0.0ms)


Started GET "/states" for 127.0.0.1 at 2017-02-22 12:18:03 -0500
Processing by StatesController#index as HTML
Completed 200 OK in 174ms (Views: 11.8ms | ActiveRecord: 0.0ms)


Started GET "/states" for 127.0.0.1 at 2017-02-22 12:18:37 -0500
Processing by StatesController#index as HTML
Completed 200 OK in 196ms (Views: 9.5ms | ActiveRecord: 0.0ms)


Started GET "/states/undefined" for 127.0.0.1 at 2017-02-22 12:18:39 -0500
Processing by StatesController#show as HTML
  Parameters: {"id"=>"undefined"}
Completed 200 OK in 250ms (Views: 0.3ms | ActiveRecord: 0.0ms)


Started GET "/states" for 127.0.0.1 at 2017-02-22 12:18:41 -0500
Processing by StatesController#index as HTML
Completed 200 OK in 187ms (Views: 5.3ms | ActiveRecord: 0.0ms)


Started GET "/states" for 127.0.0.1 at 2017-02-22 12:19:03 -0500
Processing by StatesController#index as HTML
Completed 200 OK in 201ms (Views: 10.2ms | ActiveRecord: 0.0ms)


Started GET "/states/undefined" for 127.0.0.1 at 2017-02-22 12:19:03 -0500
Processing by StatesController#show as HTML
  Parameters: {"id"=>"undefined"}
Completed 200 OK in 247ms (Views: 0.3ms | ActiveRecord: 0.0ms)


Started GET "/states/undefined" for 127.0.0.1 at 2017-02-22 12:19:51 -0500
Processing by StatesController#show as HTML
  Parameters: {"id"=>"undefined"}
Completed 200 OK in 282ms (Views: 0.4ms | ActiveRecord: 0.0ms)


Started GET "/states/" for 127.0.0.1 at 2017-02-22 12:19:59 -0500
Processing by StatesController#index as HTML
Completed 200 OK in 171ms (Views: 11.9ms | ActiveRecord: 0.0ms)


Started GET "/states/" for 127.0.0.1 at 2017-02-22 12:20:04 -0500
Processing by StatesController#index as HTML
Completed 200 OK in 205ms (Views: 11.7ms | ActiveRecord: 0.0ms)


Started GET "/states" for 127.0.0.1 at 2017-02-22 12:20:18 -0500
Processing by StatesController#index as HTML
Completed 200 OK in 172ms (Views: 11.4ms | ActiveRecord: 0.0ms)


Started GET "/states/" for 127.0.0.1 at 2017-02-22 12:20:19 -0500
Processing by StatesController#index as HTML
Completed 200 OK in 191ms (Views: 9.1ms | ActiveRecord: 0.0ms)


Started GET "/states/" for 127.0.0.1 at 2017-02-22 12:20:33 -0500
Processing by StatesController#index as HTML
Completed 200 OK in 211ms (Views: 14.8ms | ActiveRecord: 0.0ms)


Started GET "/states/" for 127.0.0.1 at 2017-02-22 12:23:19 -0500
Processing by StatesController#index as HTML
Completed 200 OK in 207ms (Views: 11.7ms | ActiveRecord: 0.0ms)


Started GET "/states" for 127.0.0.1 at 2017-02-22 12:23:29 -0500
Processing by StatesController#index as HTML
Completed 200 OK in 191ms (Views: 10.1ms | ActiveRecord: 0.0ms)


Started GET "/states/" for 127.0.0.1 at 2017-02-22 12:23:31 -0500
Processing by StatesController#index as HTML
Completed 200 OK in 195ms (Views: 5.9ms | ActiveRecord: 0.0ms)


Started GET "/states" for 127.0.0.1 at 2017-02-22 12:23:34 -0500
Processing by StatesController#index as HTML
Completed 200 OK in 207ms (Views: 9.4ms | ActiveRecord: 0.0ms)


Started GET "/states" for 127.0.0.1 at 2017-02-22 12:25:08 -0500
Processing by StatesController#index as HTML
Completed 200 OK in 685ms (Views: 11.9ms | ActiveRecord: 0.0ms)


Started GET "/states/al" for 127.0.0.1 at 2017-02-22 12:25:16 -0500
Processing by StatesController#show as HTML
  Parameters: {"id"=>"al"}
Completed 200 OK in 369ms (Views: 20.2ms | ActiveRecord: 0.0ms)


Started GET "/states/al" for 127.0.0.1 at 2017-02-22 12:30:47 -0500
Processing by StatesController#show as HTML
  Parameters: {"id"=>"al"}
Completed 200 OK in 331ms (Views: 25.0ms | ActiveRecord: 0.0ms)


Started GET "/states/al" for 127.0.0.1 at 2017-02-22 12:32:16 -0500
Processing by StatesController#show as HTML
  Parameters: {"id"=>"al"}
Completed 200 OK in 345ms (Views: 20.2ms | ActiveRecord: 0.0ms)


Started GET "/states/al" for 127.0.0.1 at 2017-02-22 12:32:34 -0500
Processing by StatesController#show as HTML
  Parameters: {"id"=>"al"}
Completed 200 OK in 349ms (Views: 19.3ms | ActiveRecord: 0.0ms)


Started GET "/states/al" for 127.0.0.1 at 2017-02-22 12:33:32 -0500
Processing by StatesController#show as HTML
  Parameters: {"id"=>"al"}
Completed 200 OK in 307ms (Views: 19.2ms | ActiveRecord: 0.0ms)


Started GET "/states/al" for 127.0.0.1 at 2017-02-22 12:33:57 -0500
Processing by StatesController#show as HTML
  Parameters: {"id"=>"al"}
Completed 200 OK in 347ms (Views: 19.9ms | ActiveRecord: 0.0ms)


Started GET "/states/al" for 127.0.0.1 at 2017-02-22 12:34:27 -0500
Processing by StatesController#show as HTML
  Parameters: {"id"=>"al"}
Completed 200 OK in 305ms (Views: 19.1ms | ActiveRecord: 0.0ms)


Started GET "/states/al" for 127.0.0.1 at 2017-02-22 12:34:28 -0500
Processing by StatesController#show as HTML
  Parameters: {"id"=>"al"}
Completed 200 OK in 424ms (Views: 15.2ms | ActiveRecord: 0.0ms)


Started GET "/states/al" for 127.0.0.1 at 2017-02-22 12:34:38 -0500
Processing by StatesController#show as HTML
  Parameters: {"id"=>"al"}
Completed 200 OK in 317ms (Views: 20.6ms | ActiveRecord: 0.0ms)


Started GET "/states/al" for 127.0.0.1 at 2017-02-22 12:34:46 -0500
Processing by StatesController#show as HTML
  Parameters: {"id"=>"al"}
Completed 200 OK in 314ms (Views: 18.2ms | ActiveRecord: 0.0ms)


Started GET "/states/al" for 127.0.0.1 at 2017-02-22 12:35:13 -0500
Processing by StatesController#show as HTML
  Parameters: {"id"=>"al"}
Completed 200 OK in 326ms (Views: 16.6ms | ActiveRecord: 0.0ms)


Started GET "/states/al" for 127.0.0.1 at 2017-02-22 12:36:23 -0500
Processing by StatesController#show as HTML
  Parameters: {"id"=>"al"}
Completed 200 OK in 362ms (Views: 20.9ms | ActiveRecord: 0.0ms)


Started GET "/states/al" for 127.0.0.1 at 2017-02-22 12:39:26 -0500
Processing by StatesController#show as HTML
  Parameters: {"id"=>"al"}
Completed 200 OK in 323ms (Views: 15.7ms | ActiveRecord: 0.0ms)


Started GET "/states" for 127.0.0.1 at 2017-02-22 12:42:49 -0500
Processing by StatesController#index as HTML
Completed 200 OK in 332ms (Views: 7.8ms | ActiveRecord: 0.0ms)


Started GET "/states/co" for 127.0.0.1 at 2017-02-22 12:42:51 -0500
Processing by StatesController#show as HTML
  Parameters: {"id"=>"co"}
Completed 200 OK in 359ms (Views: 15.0ms | ActiveRecord: 0.0ms)


Started GET "/states/co" for 127.0.0.1 at 2017-02-22 12:45:46 -0500
Processing by StatesController#show as HTML
  Parameters: {"id"=>"co"}
Completed 500 Internal Server Error in 5ms (ActiveRecord: 0.0ms)


  
NoMethodError (undefined method `find_state' for Class:Class):
  
app/models/state.rb:8:in `find_districts'
app/controllers/states_controller.rb:8:in `show'
Started GET "/states/co" for 127.0.0.1 at 2017-02-22 12:45:54 -0500
Processing by StatesController#show as HTML
  Parameters: {"id"=>"co"}
Completed 200 OK in 749ms (Views: 12.7ms | ActiveRecord: 0.0ms)


Started GET "/states/co" for 127.0.0.1 at 2017-02-22 12:46:11 -0500
Processing by StatesController#show as HTML
  Parameters: {"id"=>"co"}
Completed 200 OK in 596ms (Views: 22.2ms | ActiveRecord: 0.0ms)


Started GET "/states/co" for 127.0.0.1 at 2017-02-22 12:46:50 -0500
Processing by StatesController#show as HTML
  Parameters: {"id"=>"co"}
Completed 200 OK in 616ms (Views: 12.9ms | ActiveRecord: 0.0ms)


Started GET "/states/co" for 127.0.0.1 at 2017-02-22 12:46:57 -0500
Processing by StatesController#show as HTML
  Parameters: {"id"=>"co"}
Completed 200 OK in 600ms (Views: 12.6ms | ActiveRecord: 0.0ms)


Started GET "/states/co" for 127.0.0.1 at 2017-02-22 12:47:04 -0500
Processing by StatesController#show as HTML
  Parameters: {"id"=>"co"}
Completed 200 OK in 561ms (Views: 16.5ms | ActiveRecord: 0.0ms)


Started GET "/states/co" for 127.0.0.1 at 2017-02-22 12:47:30 -0500
Processing by StatesController#show as HTML
  Parameters: {"id"=>"co"}
Completed 500 Internal Server Error in 36684ms (ActiveRecord: 0.0ms)


  
NoMethodError (undefined method `districts=' for nil:NilClass):
  
app/models/state.rb:9:in `find_districts'
app/controllers/states_controller.rb:8:in `show'
Started GET "/states/co" for 127.0.0.1 at 2017-02-22 12:48:11 -0500
Processing by StatesController#show as HTML
  Parameters: {"id"=>"co"}
Completed 200 OK in 651ms (Views: 12.2ms | ActiveRecord: 0.0ms)


Started GET "/states/co" for 127.0.0.1 at 2017-02-22 12:48:18 -0500
Processing by StatesController#show as HTML
  Parameters: {"id"=>"co"}
Completed 200 OK in 550ms (Views: 23.2ms | ActiveRecord: 0.0ms)


Started GET "/states/co" for 127.0.0.1 at 2017-02-22 12:48:19 -0500
Processing by StatesController#show as HTML
  Parameters: {"id"=>"co"}
Completed 200 OK in 539ms (Views: 11.6ms | ActiveRecord: 0.0ms)


Started GET "/states/co" for 127.0.0.1 at 2017-02-22 12:50:00 -0500
Processing by StatesController#show as HTML
  Parameters: {"id"=>"co"}
Completed 500 Internal Server Error in 582ms (ActiveRecord: 0.0ms)


  
NoMethodError (undefined method `name' for #<Hash:0x00000002c25130>):
  
app/models/state.rb:9:in `block in find_districts'
app/models/state.rb:9:in `find_districts'
app/controllers/states_controller.rb:8:in `show'
Started GET "/states/co" for 127.0.0.1 at 2017-02-22 12:50:19 -0500
Processing by StatesController#show as HTML
  Parameters: {"id"=>"co"}
Completed 200 OK in 647ms (Views: 16.1ms | ActiveRecord: 0.0ms)


DEPRECATION WARNING: Passing strings or symbols to the middleware builder is deprecated, please change
them to actual class references.  For example:

  "Rack::Cors" => Rack::Cors

 (called from <top (required)> at /home/will/Desktop/dev/congress_tracker/server/config/environment.rb:5)
Started GET "/states/co" for 127.0.0.1 at 2017-02-22 13:03:23 -0500
Processing by StatesController#show as HTML
  Parameters: {"id"=>"co"}
Completed 200 OK in 662ms (Views: 12.7ms | ActiveRecord: 0.0ms)


Started GET "/states" for 127.0.0.1 at 2017-02-22 13:03:24 -0500
Processing by StatesController#index as HTML
Completed 200 OK in 302ms (Views: 7.1ms | ActiveRecord: 0.0ms)


Started GET "/states" for 127.0.0.1 at 2017-02-22 13:03:46 -0500
Processing by StatesController#index as HTML
Completed 200 OK in 283ms (Views: 9.6ms | ActiveRecord: 0.0ms)


Started GET "/states" for 127.0.0.1 at 2017-02-22 13:03:50 -0500
Processing by StatesController#index as HTML
Completed 200 OK in 263ms (Views: 10.6ms | ActiveRecord: 0.0ms)


Started GET "/states" for 127.0.0.1 at 2017-02-22 13:03:56 -0500
Processing by StatesController#index as HTML
Completed 200 OK in 281ms (Views: 8.4ms | ActiveRecord: 0.0ms)


Started GET "/states" for 127.0.0.1 at 2017-02-22 13:04:22 -0500
Processing by StatesController#index as HTML
Completed 200 OK in 273ms (Views: 11.6ms | ActiveRecord: 0.0ms)


Started GET "/states/mi" for 127.0.0.1 at 2017-02-22 13:04:25 -0500
Processing by StatesController#show as HTML
  Parameters: {"id"=>"mi"}
Completed 200 OK in 634ms (Views: 14.1ms | ActiveRecord: 0.0ms)


Started GET "/states" for 127.0.0.1 at 2017-02-22 13:04:41 -0500
Processing by StatesController#index as HTML
Completed 200 OK in 281ms (Views: 6.7ms | ActiveRecord: 0.0ms)


Started GET "/states/nm" for 127.0.0.1 at 2017-02-22 13:04:42 -0500
Processing by StatesController#show as HTML
  Parameters: {"id"=>"nm"}
Completed 200 OK in 602ms (Views: 6.3ms | ActiveRecord: 0.0ms)


Started GET "/states" for 127.0.0.1 at 2017-02-22 13:04:45 -0500
Processing by StatesController#index as HTML
Completed 200 OK in 282ms (Views: 5.9ms | ActiveRecord: 0.0ms)


Started GET "/states/ne" for 127.0.0.1 at 2017-02-22 13:04:46 -0500
Processing by StatesController#show as HTML
  Parameters: {"id"=>"ne"}
Completed 200 OK in 582ms (Views: 12.9ms | ActiveRecord: 0.0ms)


Started GET "/states" for 127.0.0.1 at 2017-02-22 13:04:48 -0500
Processing by StatesController#index as HTML
Completed 200 OK in 280ms (Views: 10.1ms | ActiveRecord: 0.0ms)


Started GET "/states" for 127.0.0.1 at 2017-02-22 13:05:39 -0500
Processing by StatesController#index as HTML
Completed 200 OK in 263ms (Views: 7.9ms | ActiveRecord: 0.0ms)


Started GET "/states/ct" for 127.0.0.1 at 2017-02-22 13:06:05 -0500
Processing by StatesController#show as HTML
  Parameters: {"id"=>"ct"}
Completed 200 OK in 666ms (Views: 14.3ms | ActiveRecord: 0.0ms)


Started GET "/states" for 127.0.0.1 at 2017-02-22 13:06:07 -0500
Processing by StatesController#index as HTML
Completed 200 OK in 251ms (Views: 7.2ms | ActiveRecord: 0.0ms)


Started GET "/states" for 127.0.0.1 at 2017-02-22 13:16:26 -0500
Processing by StatesController#index as HTML
Completed 200 OK in 306ms (Views: 3.1ms | ActiveRecord: 0.0ms)


Started GET "/states/ca" for 127.0.0.1 at 2017-02-22 13:16:27 -0500
Processing by StatesController#show as HTML
  Parameters: {"id"=>"ca"}
Completed 200 OK in 594ms (Views: 4.9ms | ActiveRecord: 0.0ms)


Started GET "/states" for 127.0.0.1 at 2017-02-22 13:20:35 -0500
Processing by StatesController#index as HTML
Completed 200 OK in 298ms (Views: 13.4ms | ActiveRecord: 0.0ms)


Started GET "/states" for 127.0.0.1 at 2017-02-22 13:22:38 -0500
Processing by StatesController#index as HTML
Completed 200 OK in 286ms (Views: 8.9ms | ActiveRecord: 0.0ms)


Started GET "/states/ar" for 127.0.0.1 at 2017-02-22 13:22:39 -0500
Processing by StatesController#show as HTML
  Parameters: {"id"=>"ar"}
Completed 200 OK in 697ms (Views: 12.0ms | ActiveRecord: 0.0ms)


Started GET "/states" for 127.0.0.1 at 2017-02-22 13:22:41 -0500
Processing by StatesController#index as HTML
Completed 200 OK in 267ms (Views: 5.8ms | ActiveRecord: 0.0ms)


Started GET "/states" for 127.0.0.1 at 2017-02-22 13:26:08 -0500
Processing by StatesController#index as HTML
Completed 200 OK in 279ms (Views: 7.3ms | ActiveRecord: 0.0ms)


Started GET "/states" for 127.0.0.1 at 2017-02-22 13:29:22 -0500
Processing by StatesController#index as HTML
Completed 200 OK in 332ms (Views: 11.9ms | ActiveRecord: 0.0ms)


Started GET "/states" for 127.0.0.1 at 2017-02-22 13:29:43 -0500
Processing by StatesController#index as HTML
Completed 200 OK in 309ms (Views: 6.8ms | ActiveRecord: 0.0ms)


Started GET "/states" for 127.0.0.1 at 2017-02-22 13:30:03 -0500
Processing by StatesController#index as HTML
Completed 200 OK in 271ms (Views: 10.8ms | ActiveRecord: 0.0ms)


Started GET "/states/al" for 127.0.0.1 at 2017-02-22 13:30:05 -0500
Processing by StatesController#show as HTML
  Parameters: {"id"=>"al"}
Completed 200 OK in 621ms (Views: 13.0ms | ActiveRecord: 0.0ms)


Started GET "/states" for 127.0.0.1 at 2017-02-22 13:30:07 -0500
Processing by StatesController#index as HTML
Completed 200 OK in 305ms (Views: 8.2ms | ActiveRecord: 0.0ms)


Started GET "/states" for 127.0.0.1 at 2017-02-22 13:43:33 -0500
Processing by StatesController#index as HTML
Completed 200 OK in 298ms (Views: 12.8ms | ActiveRecord: 0.0ms)


Started GET "/states/az" for 127.0.0.1 at 2017-02-22 13:43:34 -0500
Processing by StatesController#show as HTML
  Parameters: {"id"=>"az"}
Completed 200 OK in 638ms (Views: 11.3ms | ActiveRecord: 0.0ms)


Started GET "/states" for 127.0.0.1 at 2017-02-22 13:43:41 -0500
Processing by StatesController#index as HTML
Completed 200 OK in 267ms (Views: 4.7ms | ActiveRecord: 0.0ms)


Started GET "/states/az" for 127.0.0.1 at 2017-02-22 13:51:45 -0500
Processing by StatesController#show as HTML
  Parameters: {"id"=>"az"}
Completed 200 OK in 760ms (Views: 4.7ms | ActiveRecord: 0.0ms)


Started GET "/states/az" for 127.0.0.1 at 2017-02-22 13:59:23 -0500
Processing by StatesController#show as HTML
  Parameters: {"id"=>"az"}
Completed 200 OK in 736ms (Views: 11.5ms | ActiveRecord: 0.0ms)


Started GET "/states" for 127.0.0.1 at 2017-02-22 14:00:57 -0500
Processing by StatesController#index as HTML
Completed 200 OK in 301ms (Views: 13.8ms | ActiveRecord: 0.0ms)


Started GET "/states" for 127.0.0.1 at 2017-02-22 14:03:17 -0500
Processing by StatesController#index as HTML
Completed 200 OK in 287ms (Views: 8.1ms | ActiveRecord: 0.0ms)


Started GET "/states" for 127.0.0.1 at 2017-02-22 15:29:02 -0500
Processing by StatesController#index as HTML
Completed 200 OK in 311ms (Views: 9.2ms | ActiveRecord: 0.0ms)


Started GET "/states" for 127.0.0.1 at 2017-02-22 15:43:46 -0500
Processing by StatesController#index as HTML
Completed 200 OK in 295ms (Views: 14.4ms | ActiveRecord: 0.0ms)


Started GET "/states" for 127.0.0.1 at 2017-02-22 15:46:05 -0500
Processing by StatesController#index as HTML
Completed 200 OK in 315ms (Views: 10.5ms | ActiveRecord: 0.0ms)


Started GET "/states" for 127.0.0.1 at 2017-02-22 15:48:56 -0500
Processing by StatesController#index as HTML
Completed 200 OK in 296ms (Views: 8.1ms | ActiveRecord: 0.0ms)


Started GET "/states" for 127.0.0.1 at 2017-02-22 15:49:14 -0500
Processing by StatesController#index as HTML
Completed 200 OK in 275ms (Views: 6.4ms | ActiveRecord: 0.0ms)


Started GET "/states" for 127.0.0.1 at 2017-02-22 15:51:03 -0500
Processing by StatesController#index as HTML
Completed 200 OK in 304ms (Views: 6.3ms | ActiveRecord: 0.0ms)


Started GET "/states" for 127.0.0.1 at 2017-02-22 15:53:45 -0500
Processing by StatesController#index as HTML
Completed 200 OK in 309ms (Views: 8.5ms | ActiveRecord: 0.0ms)


Started GET "/states" for 127.0.0.1 at 2017-02-22 15:54:50 -0500
Processing by StatesController#index as HTML
Completed 200 OK in 302ms (Views: 10.6ms | ActiveRecord: 0.0ms)


Started GET "/states" for 127.0.0.1 at 2017-02-22 15:55:58 -0500
Processing by StatesController#index as HTML
Completed 200 OK in 279ms (Views: 4.9ms | ActiveRecord: 0.0ms)


Started GET "/states" for 127.0.0.1 at 2017-02-22 15:56:56 -0500
Processing by StatesController#index as HTML
Completed 200 OK in 263ms (Views: 6.3ms | ActiveRecord: 0.0ms)


Started GET "/states" for 127.0.0.1 at 2017-02-22 15:57:20 -0500
Processing by StatesController#index as HTML
Completed 200 OK in 294ms (Views: 9.9ms | ActiveRecord: 0.0ms)


Started GET "/states" for 127.0.0.1 at 2017-02-22 15:57:36 -0500
Processing by StatesController#index as HTML
Completed 200 OK in 307ms (Views: 15.2ms | ActiveRecord: 0.0ms)


Started GET "/states" for 127.0.0.1 at 2017-02-22 15:58:01 -0500
Processing by StatesController#index as HTML
Completed 200 OK in 364ms (Views: 5.7ms | ActiveRecord: 0.0ms)


Started GET "/legislators/" for 127.0.0.1 at 2017-02-22 16:12:52 -0500
Processing by LegislatorsController#index as HTML
Completed 500 Internal Server Error in 300ms (ActiveRecord: 0.0ms)


  
NameError (undefined local variable or method `l' for Legislator:Class):
  
app/models/legislator.rb:11:in `block in search_location'
app/models/legislator.rb:11:in `search_location'
app/controllers/legislators_controller.rb:3:in `index'
Started GET "/legislators/" for 127.0.0.1 at 2017-02-22 16:14:56 -0500
Processing by LegislatorsController#index as HTML
Completed 500 Internal Server Error in 585ms (ActiveRecord: 0.0ms)


  
TypeError (no implicit conversion of String into Integer):
  
app/models/state.rb:24:in `initialize'
app/models/state.rb:15:in `new'
app/models/state.rb:15:in `find_state'
app/models/legislator.rb:16:in `initialize'
app/models/legislator.rb:11:in `new'
app/models/legislator.rb:11:in `block in search_location'
app/models/legislator.rb:11:in `search_location'
app/controllers/legislators_controller.rb:3:in `index'
Started GET "/legislators/" for 127.0.0.1 at 2017-02-22 16:15:53 -0500
Processing by LegislatorsController#index as HTML
Completed   in 48784ms (ActiveRecord: 0.0ms)


DEPRECATION WARNING: Passing strings or symbols to the middleware builder is deprecated, please change
them to actual class references.  For example:

  "Rack::Cors" => Rack::Cors

 (called from <top (required)> at /home/will/Desktop/dev/congress_tracker/server/config/environment.rb:5)
Started GET "/legislators/" for 127.0.0.1 at 2017-02-22 16:17:06 -0500
Processing by LegislatorsController#index as HTML
Completed 200 OK in 26090ms (Views: 0.5ms | ActiveRecord: 0.0ms)


Started GET "/legislators/" for 127.0.0.1 at 2017-02-22 16:17:38 -0500
Processing by LegislatorsController#index as HTML
Completed 200 OK in 104767ms (Views: 0.2ms | ActiveRecord: 0.0ms)


Started GET "/legislators/" for 127.0.0.1 at 2017-02-22 16:19:39 -0500
Processing by LegislatorsController#index as HTML
Completed 200 OK in 65748ms (Views: 0.1ms | ActiveRecord: 0.0ms)


Started GET "/legislators/?lat=43.0276219&long=-71.43800320000003" for 127.0.0.1 at 2017-02-22 16:20:50 -0500
Processing by LegislatorsController#index as HTML
  Parameters: {"lat"=>"43.0276219", "long"=>"-71.43800320000003"}
Completed 200 OK in 25151ms (Views: 0.2ms | ActiveRecord: 0.0ms)


Started GET "/legislators/?lat=43.0276219&long=-71.43800320000003" for 127.0.0.1 at 2017-02-22 16:22:58 -0500
Processing by LegislatorsController#index as HTML
  Parameters: {"lat"=>"43.0276219", "long"=>"-71.43800320000003"}
Completed 500 Internal Server Error in 4712ms (ActiveRecord: 0.0ms)


  
NoMethodError (undefined method `name=' for #<Legislator:0x00000002ff71a0>):
  
app/models/legislator.rb:15:in `initialize'
app/models/legislator.rb:11:in `new'
app/models/legislator.rb:11:in `block in search_location'
app/models/legislator.rb:11:in `search_location'
app/controllers/legislators_controller.rb:4:in `index'
Started GET "/legislators/?lat=43.0276219&long=-71.43800320000003" for 127.0.0.1 at 2017-02-22 16:23:37 -0500
Processing by LegislatorsController#index as HTML
  Parameters: {"lat"=>"43.0276219", "long"=>"-71.43800320000003"}
Completed 200 OK in 312ms (Views: 8.1ms | ActiveRecord: 0.0ms)


Started GET "/legislators/" for 127.0.0.1 at 2017-02-22 16:24:05 -0500
Processing by LegislatorsController#index as HTML
Completed 200 OK in 287ms (Views: 0.2ms | ActiveRecord: 0.0ms)


Started GET "/legislators/" for 127.0.0.1 at 2017-02-22 16:24:12 -0500
Processing by LegislatorsController#index as HTML
Completed 200 OK in 309ms (Views: 0.6ms | ActiveRecord: 0.0ms)


Started GET "/legislators/?lat=43.0276219&long=-71.43800320000003" for 127.0.0.1 at 2017-02-22 16:24:22 -0500
Processing by LegislatorsController#index as HTML
  Parameters: {"lat"=>"43.0276219", "long"=>"-71.43800320000003"}
Completed 200 OK in 286ms (Views: 7.2ms | ActiveRecord: 0.0ms)


Started GET "/legislators/" for 127.0.0.1 at 2017-02-22 16:24:30 -0500
Processing by LegislatorsController#index as HTML
Completed 200 OK in 254ms (Views: 0.5ms | ActiveRecord: 0.0ms)


Started GET "/legislators/?lat=43.0276219&long=-71.43800320000003" for 127.0.0.1 at 2017-02-22 16:24:35 -0500
Processing by LegislatorsController#index as HTML
  Parameters: {"lat"=>"43.0276219", "long"=>"-71.43800320000003"}
Completed 200 OK in 294ms (Views: 11.8ms | ActiveRecord: 0.0ms)


Started GET "/legislators/?lat=43.0276219&long=-71.43800320000003" for 127.0.0.1 at 2017-02-22 16:24:51 -0500
Processing by LegislatorsController#index as HTML
  Parameters: {"lat"=>"43.0276219", "long"=>"-71.43800320000003"}
Completed 200 OK in 291ms (Views: 5.5ms | ActiveRecord: 0.0ms)


Started GET "/states" for 127.0.0.1 at 2017-02-22 16:24:52 -0500
Processing by StatesController#index as HTML
Completed 200 OK in 408ms (Views: 11.9ms | ActiveRecord: 0.0ms)


Started GET "/legislators/?lat=43.0276219&long=-71.43800320000003" for 127.0.0.1 at 2017-02-22 16:24:56 -0500
Processing by LegislatorsController#index as HTML
  Parameters: {"lat"=>"43.0276219", "long"=>"-71.43800320000003"}
Completed 200 OK in 261ms (Views: 6.2ms | ActiveRecord: 0.0ms)


Started GET "/legislators/?lat=43.0276219&long=-71.43800320000003" for 127.0.0.1 at 2017-02-22 16:25:11 -0500
Processing by LegislatorsController#index as HTML
  Parameters: {"lat"=>"43.0276219", "long"=>"-71.43800320000003"}
Completed 200 OK in 255ms (Views: 2.5ms | ActiveRecord: 0.0ms)


Started GET "/legislators/?lat=43.0276219&long=-71.43800320000003" for 127.0.0.1 at 2017-02-22 16:26:12 -0500
Processing by LegislatorsController#index as HTML
  Parameters: {"lat"=>"43.0276219", "long"=>"-71.43800320000003"}
Completed 200 OK in 262ms (Views: 6.0ms | ActiveRecord: 0.0ms)


Started GET "/legislators/?lat=43.0276219&long=-71.43800320000003" for 127.0.0.1 at 2017-02-22 16:27:02 -0500
Processing by LegislatorsController#index as HTML
  Parameters: {"lat"=>"43.0276219", "long"=>"-71.43800320000003"}
Completed 200 OK in 159275ms (Views: 3.6ms | ActiveRecord: 0.0ms)


Started GET "/legislators/?lat=43.0276219&long=-71.43800320000003" for 127.0.0.1 at 2017-02-22 16:29:51 -0500
Processing by LegislatorsController#index as HTML
  Parameters: {"lat"=>"43.0276219", "long"=>"-71.43800320000003"}
Completed 200 OK in 5033ms (Views: 0.3ms | ActiveRecord: 0.0ms)


Started GET "/legislators/" for 127.0.0.1 at 2017-02-22 16:30:01 -0500
Processing by LegislatorsController#index as HTML
Completed 500 Internal Server Error in 265ms (ActiveRecord: 0.0ms)


  
NoMethodError (undefined method `collect' for #<HTTParty::Response:0x000000032907e0>):
  
app/models/legislator.rb:11:in `search_location'
app/controllers/legislators_controller.rb:3:in `index'
Started GET "/legislators/?lat=43.0276219&long=-71.43800320000003" for 127.0.0.1 at 2017-02-22 16:30:09 -0500
Processing by LegislatorsController#index as HTML
  Parameters: {"lat"=>"43.0276219", "long"=>"-71.43800320000003"}
Completed 200 OK in 3225ms (Views: 0.3ms | ActiveRecord: 0.0ms)


Started GET "/legislators/?lat=43.0276219&long=-71.43800320000003" for 127.0.0.1 at 2017-02-22 16:31:09 -0500
Processing by LegislatorsController#index as HTML
  Parameters: {"lat"=>"43.0276219", "long"=>"-71.43800320000003"}
Completed 200 OK in 1257ms (Views: 0.6ms | ActiveRecord: 0.0ms)


Started GET "/legislators/?lat=43.0276219&long=-71.43800320000003" for 127.0.0.1 at 2017-02-22 16:32:38 -0500
Processing by LegislatorsController#index as HTML
  Parameters: {"lat"=>"43.0276219", "long"=>"-71.43800320000003"}
Completed 200 OK in 285ms (Views: 1.1ms | ActiveRecord: 0.0ms)


Started GET "/legislators/?lat=43.0276219&long=-71.43800320000003" for 127.0.0.1 at 2017-02-22 16:34:44 -0500
Processing by LegislatorsController#index as HTML
  Parameters: {"lat"=>"43.0276219", "long"=>"-71.43800320000003"}
Completed 200 OK in 419ms (Views: 0.8ms | ActiveRecord: 0.0ms)


Started GET "/legislators/" for 127.0.0.1 at 2017-02-22 16:35:26 -0500
Processing by LegislatorsController#index as HTML
Completed 500 Internal Server Error in 295ms (ActiveRecord: 0.0ms)


  
NoMethodError (undefined method `collect' for #<HTTParty::Response:0x00000001c6a498>):
  
app/models/legislator.rb:11:in `search_location'
app/controllers/legislators_controller.rb:3:in `index'
Started GET "/states" for 127.0.0.1 at 2017-02-22 16:35:30 -0500
Processing by StatesController#index as HTML
Completed 200 OK in 349ms (Views: 9.5ms | ActiveRecord: 0.0ms)


Started GET "/states/az" for 127.0.0.1 at 2017-02-22 16:35:31 -0500
Processing by StatesController#show as HTML
  Parameters: {"id"=>"az"}
Completed 200 OK in 735ms (Views: 11.4ms | ActiveRecord: 0.0ms)


Started GET "/legislators/?lat=43.0276219&long=-71.43800320000003" for 127.0.0.1 at 2017-02-22 16:35:36 -0500
Processing by LegislatorsController#index as HTML
  Parameters: {"lat"=>"43.0276219", "long"=>"-71.43800320000003"}
Completed 200 OK in 300ms (Views: 0.7ms | ActiveRecord: 0.0ms)


Started GET "/legislators/?lat=43.0276219&long=-71.43800320000003" for 127.0.0.1 at 2017-02-22 16:35:56 -0500
Processing by LegislatorsController#index as HTML
  Parameters: {"lat"=>"43.0276219", "long"=>"-71.43800320000003"}
Completed 200 OK in 297ms (Views: 0.8ms | ActiveRecord: 0.0ms)


Started GET "/legislators/" for 127.0.0.1 at 2017-02-22 16:38:06 -0500
Processing by LegislatorsController#index as HTML
Completed 500 Internal Server Error in 299ms (ActiveRecord: 0.0ms)


  
NoMethodError (undefined method `collect' for #<HTTParty::Response:0x000000033b8af0>):
  
app/models/legislator.rb:11:in `search_location'
app/controllers/legislators_controller.rb:3:in `index'
Started GET "/legislators/?lat=39.1556476&long=-75.51979349999999" for 127.0.0.1 at 2017-02-22 16:38:12 -0500
Processing by LegislatorsController#index as HTML
  Parameters: {"lat"=>"39.1556476", "long"=>"-75.51979349999999"}
Completed 200 OK in 544ms (Views: 0.5ms | ActiveRecord: 0.0ms)


Started GET "/legislators/?lat=39.1556476&long=-75.51979349999999" for 127.0.0.1 at 2017-02-22 16:38:47 -0500
Processing by LegislatorsController#index as HTML
  Parameters: {"lat"=>"39.1556476", "long"=>"-75.51979349999999"}
Completed 200 OK in 273ms (Views: 0.6ms | ActiveRecord: 0.0ms)


Started GET "/legislators/?lat=39.1556476&long=-75.51979349999999" for 127.0.0.1 at 2017-02-22 16:39:48 -0500
Processing by LegislatorsController#index as HTML
  Parameters: {"lat"=>"39.1556476", "long"=>"-75.51979349999999"}
Completed 200 OK in 300ms (Views: 0.7ms | ActiveRecord: 0.0ms)


Started GET "/legislators/?lat=43.0276219&long=-71.43800320000003" for 127.0.0.1 at 2017-02-22 16:40:41 -0500
Processing by LegislatorsController#index as HTML
  Parameters: {"lat"=>"43.0276219", "long"=>"-71.43800320000003"}
Completed 200 OK in 266ms (Views: 0.7ms | ActiveRecord: 0.0ms)


Started GET "/legislators/?lat=43.0276219&long=-71.43800320000003" for 127.0.0.1 at 2017-02-22 16:41:00 -0500
Processing by LegislatorsController#index as HTML
  Parameters: {"lat"=>"43.0276219", "long"=>"-71.43800320000003"}
Completed 200 OK in 284ms (Views: 0.4ms | ActiveRecord: 0.0ms)


Started GET "/legislators/" for 127.0.0.1 at 2017-02-22 16:41:51 -0500
Processing by LegislatorsController#index as HTML
Completed 500 Internal Server Error in 309ms (ActiveRecord: 0.0ms)


  
NoMethodError (undefined method `collect' for #<HTTParty::Response:0x0000000229f3b8>):
  
app/models/legislator.rb:11:in `search_location'
app/controllers/legislators_controller.rb:3:in `index'
Started GET "/legislators/?lat=43.0276219&long=-71.43800320000003" for 127.0.0.1 at 2017-02-22 16:41:58 -0500
Processing by LegislatorsController#index as HTML
  Parameters: {"lat"=>"43.0276219", "long"=>"-71.43800320000003"}
Completed 200 OK in 312ms (Views: 0.7ms | ActiveRecord: 0.0ms)


Started GET "/legislators/?lat=43.0276219&long=-71.43800320000003" for 127.0.0.1 at 2017-02-22 16:45:21 -0500
Processing by LegislatorsController#index as HTML
  Parameters: {"lat"=>"43.0276219", "long"=>"-71.43800320000003"}
Completed 200 OK in 1812ms (Views: 1.6ms | ActiveRecord: 0.0ms)


Started GET "/legislators/" for 127.0.0.1 at 2017-02-22 16:45:54 -0500
Processing by LegislatorsController#index as HTML
Completed 500 Internal Server Error in 271ms (ActiveRecord: 0.0ms)


  
NoMethodError (undefined method `collect' for #<HTTParty::Response:0x0000000383d418>):
  
app/models/legislator.rb:11:in `search_location'
app/controllers/legislators_controller.rb:3:in `index'
Started GET "/legislators/?lat=43.0276219&long=-71.43800320000003" for 127.0.0.1 at 2017-02-22 16:46:02 -0500
Processing by LegislatorsController#index as HTML
  Parameters: {"lat"=>"43.0276219", "long"=>"-71.43800320000003"}
Completed 200 OK in 1725ms (Views: 1.3ms | ActiveRecord: 0.0ms)


Started GET "/legislators/?lat=43.0276219&long=-71.43800320000003" for 127.0.0.1 at 2017-02-22 16:50:38 -0500
Processing by LegislatorsController#index as HTML
  Parameters: {"lat"=>"43.0276219", "long"=>"-71.43800320000003"}
Completed 200 OK in 1855ms (Views: 0.4ms | ActiveRecord: 0.0ms)


Started GET "/legislators/?lat=43.0276219&long=-71.43800320000003" for 127.0.0.1 at 2017-02-22 16:51:52 -0500
Processing by LegislatorsController#index as HTML
  Parameters: {"lat"=>"43.0276219", "long"=>"-71.43800320000003"}
Completed 200 OK in 1784ms (Views: 1.3ms | ActiveRecord: 0.0ms)


Started GET "/states" for 127.0.0.1 at 2017-02-22 16:52:31 -0500
Processing by StatesController#index as HTML
Completed 200 OK in 302ms (Views: 8.2ms | ActiveRecord: 0.0ms)


Started GET "/states/ak" for 127.0.0.1 at 2017-02-22 16:52:33 -0500
Processing by StatesController#show as HTML
  Parameters: {"id"=>"ak"}
Completed 200 OK in 600ms (Views: 11.9ms | ActiveRecord: 0.0ms)


Started GET "/states" for 127.0.0.1 at 2017-02-22 16:52:37 -0500
Processing by StatesController#index as HTML
Completed 200 OK in 593ms (Views: 11.9ms | ActiveRecord: 0.0ms)


Started GET "/states/al" for 127.0.0.1 at 2017-02-22 16:52:38 -0500
Processing by StatesController#show as HTML
  Parameters: {"id"=>"al"}
Completed 200 OK in 650ms (Views: 7.2ms | ActiveRecord: 0.0ms)


Started GET "/states" for 127.0.0.1 at 2017-02-22 16:52:41 -0500
Processing by StatesController#index as HTML
Completed 200 OK in 289ms (Views: 8.4ms | ActiveRecord: 0.0ms)


Started GET "/states/ca" for 127.0.0.1 at 2017-02-22 16:52:43 -0500
Processing by StatesController#show as HTML
  Parameters: {"id"=>"ca"}
Completed 200 OK in 694ms (Views: 11.0ms | ActiveRecord: 0.0ms)


Started GET "/states" for 127.0.0.1 at 2017-02-22 16:52:44 -0500
Processing by StatesController#index as HTML
Completed 200 OK in 282ms (Views: 7.2ms | ActiveRecord: 0.0ms)


Started GET "/states/ar" for 127.0.0.1 at 2017-02-22 16:52:46 -0500
Processing by StatesController#show as HTML
  Parameters: {"id"=>"ar"}
Completed 200 OK in 643ms (Views: 13.3ms | ActiveRecord: 0.0ms)


Started GET "/states" for 127.0.0.1 at 2017-02-22 16:52:50 -0500
Processing by StatesController#index as HTML
Completed 200 OK in 413ms (Views: 7.9ms | ActiveRecord: 0.0ms)


Started GET "/states/ks" for 127.0.0.1 at 2017-02-22 16:52:51 -0500
Processing by StatesController#show as HTML
  Parameters: {"id"=>"ks"}
Completed 200 OK in 659ms (Views: 11.9ms | ActiveRecord: 0.0ms)


Started GET "/legislators/?lat=43.0276219&long=-71.43800320000003" for 127.0.0.1 at 2017-02-22 16:59:42 -0500
Processing by LegislatorsController#index as HTML
  Parameters: {"lat"=>"43.0276219", "long"=>"-71.43800320000003"}
Completed 200 OK in 1977ms (Views: 0.8ms | ActiveRecord: 0.0ms)


Started GET "/legislators/" for 127.0.0.1 at 2017-02-22 17:02:22 -0500
Processing by LegislatorsController#index as HTML
Completed 500 Internal Server Error in 245ms (ActiveRecord: 0.0ms)


  
NoMethodError (undefined method `collect' for #<HTTParty::Response:0x000000031bbc98>):
  
app/models/legislator.rb:11:in `search_location'
app/controllers/legislators_controller.rb:3:in `index'
Started GET "/legislators/?lat=43.0276219&long=-71.43800320000003" for 127.0.0.1 at 2017-02-22 17:02:28 -0500
Processing by LegislatorsController#index as HTML
  Parameters: {"lat"=>"43.0276219", "long"=>"-71.43800320000003"}
Completed 200 OK in 1771ms (Views: 0.6ms | ActiveRecord: 0.0ms)


Started GET "/legislators/" for 127.0.0.1 at 2017-02-22 17:03:59 -0500
Processing by LegislatorsController#index as HTML
Completed 500 Internal Server Error in 277ms (ActiveRecord: 0.0ms)


  
NoMethodError (undefined method `collect' for #<HTTParty::Response:0x00000001fd3468>):
  
app/models/legislator.rb:11:in `search_location'
app/controllers/legislators_controller.rb:3:in `index'
Started GET "/legislators/?lat=43.0276219&long=-71.43800320000003" for 127.0.0.1 at 2017-02-22 17:04:04 -0500
Processing by LegislatorsController#index as HTML
  Parameters: {"lat"=>"43.0276219", "long"=>"-71.43800320000003"}
Completed 200 OK in 1568ms (Views: 0.5ms | ActiveRecord: 0.0ms)


Started GET "/legislators/" for 127.0.0.1 at 2017-02-22 17:05:44 -0500
Processing by LegislatorsController#index as HTML
Completed 500 Internal Server Error in 260ms (ActiveRecord: 0.0ms)


  
NoMethodError (undefined method `collect' for #<HTTParty::Response:0x0000000388dd50>):
  
app/models/legislator.rb:11:in `search_location'
app/controllers/legislators_controller.rb:3:in `index'
Started GET "/legislators/?lat=43.0276219&long=-71.43800320000003" for 127.0.0.1 at 2017-02-22 17:05:50 -0500
Processing by LegislatorsController#index as HTML
  Parameters: {"lat"=>"43.0276219", "long"=>"-71.43800320000003"}
Completed 200 OK in 1697ms (Views: 0.9ms | ActiveRecord: 0.0ms)


Started GET "/legislators/?lat=43.0276219&long=-71.43800320000003" for 127.0.0.1 at 2017-02-22 17:06:22 -0500
Processing by LegislatorsController#index as HTML
  Parameters: {"lat"=>"43.0276219", "long"=>"-71.43800320000003"}
Completed 200 OK in 1639ms (Views: 0.8ms | ActiveRecord: 0.0ms)


Started GET "/legislators/?lat=34.08712420000001&long=-84.40747329999999" for 127.0.0.1 at 2017-02-22 17:06:41 -0500
Processing by LegislatorsController#index as HTML
  Parameters: {"lat"=>"34.08712420000001", "long"=>"-84.40747329999999"}
Completed 200 OK in 850ms (Views: 0.5ms | ActiveRecord: 0.0ms)


Started GET "/states" for 127.0.0.1 at 2017-02-22 17:06:48 -0500
Processing by StatesController#index as HTML
Completed 200 OK in 277ms (Views: 7.8ms | ActiveRecord: 0.0ms)


Started GET "/states/ky" for 127.0.0.1 at 2017-02-22 17:06:49 -0500
Processing by StatesController#show as HTML
  Parameters: {"id"=>"ky"}
Completed 200 OK in 632ms (Views: 10.5ms | ActiveRecord: 0.0ms)


Started GET "/states" for 127.0.0.1 at 2017-02-22 17:09:02 -0500
Processing by StatesController#index as HTML
Completed 200 OK in 290ms (Views: 6.7ms | ActiveRecord: 0.0ms)


Started GET "/states" for 127.0.0.1 at 2017-02-22 17:15:50 -0500
Processing by StatesController#index as HTML
Completed 200 OK in 320ms (Views: 6.1ms | ActiveRecord: 0.0ms)


Started GET "/states" for 127.0.0.1 at 2017-02-22 17:32:43 -0500
Processing by StatesController#index as HTML
Completed 200 OK in 322ms (Views: 9.9ms | ActiveRecord: 0.0ms)


Started GET "/states" for 127.0.0.1 at 2017-02-22 17:33:28 -0500
Processing by StatesController#index as HTML
Completed 200 OK in 333ms (Views: 9.5ms | ActiveRecord: 0.0ms)


Started GET "/states" for 127.0.0.1 at 2017-02-22 17:41:15 -0500
Processing by StatesController#index as HTML
Completed 200 OK in 301ms (Views: 8.8ms | ActiveRecord: 0.0ms)


Started GET "/states" for 127.0.0.1 at 2017-02-22 18:00:10 -0500
Processing by StatesController#index as HTML
Completed 200 OK in 351ms (Views: 5.1ms | ActiveRecord: 0.0ms)


Started GET "/legislators/?lat=43.0276219&long=-71.43800320000003" for 127.0.0.1 at 2017-02-22 18:01:05 -0500
Processing by LegislatorsController#index as HTML
  Parameters: {"lat"=>"43.0276219", "long"=>"-71.43800320000003"}
Completed 200 OK in 3789ms (Views: 0.9ms | ActiveRecord: 0.0ms)


Started GET "/legislators/?lat=43.0276219&long=-71.43800320000003" for 127.0.0.1 at 2017-02-22 18:01:09 -0500
Processing by LegislatorsController#index as HTML
  Parameters: {"lat"=>"43.0276219", "long"=>"-71.43800320000003"}
Completed 200 OK in 3470ms (Views: 0.5ms | ActiveRecord: 0.0ms)


Started GET "/legislators/" for 127.0.0.1 at 2017-02-22 18:01:50 -0500
Processing by LegislatorsController#index as HTML
Completed 500 Internal Server Error in 287ms (ActiveRecord: 0.0ms)


  
NoMethodError (undefined method `collect' for #<HTTParty::Response:0x00000001effb68>):
  
app/models/legislator.rb:11:in `search_location'
app/controllers/legislators_controller.rb:3:in `index'
Started GET "/legislators/?lat=43.0276219&long=-71.43800320000003" for 127.0.0.1 at 2017-02-22 18:01:56 -0500
Processing by LegislatorsController#index as HTML
  Parameters: {"lat"=>"43.0276219", "long"=>"-71.43800320000003"}
Completed 200 OK in 2207ms (Views: 0.4ms | ActiveRecord: 0.0ms)


Started GET "/legislators/?lat=43.0276219&long=-71.43800320000003" for 127.0.0.1 at 2017-02-22 18:02:13 -0500
Processing by LegislatorsController#index as HTML
  Parameters: {"lat"=>"43.0276219", "long"=>"-71.43800320000003"}
Completed 200 OK in 1634ms (Views: 0.7ms | ActiveRecord: 0.0ms)


Started GET "/legislators/?lat=43.0276219&long=-71.43800320000003" for 127.0.0.1 at 2017-02-22 18:02:58 -0500
Processing by LegislatorsController#index as HTML
  Parameters: {"lat"=>"43.0276219", "long"=>"-71.43800320000003"}
Completed 200 OK in 1660ms (Views: 0.6ms | ActiveRecord: 0.0ms)


Started GET "/states" for 127.0.0.1 at 2017-02-22 18:03:10 -0500
Processing by StatesController#index as HTML
Completed 200 OK in 820ms (Views: 3.8ms | ActiveRecord: 0.0ms)


Started GET "/legislators/?lat=43.0276219&long=-71.43800320000003" for 127.0.0.1 at 2017-02-22 18:03:15 -0500
Processing by LegislatorsController#index as HTML
  Parameters: {"lat"=>"43.0276219", "long"=>"-71.43800320000003"}
Completed 200 OK in 1636ms (Views: 0.7ms | ActiveRecord: 0.0ms)


Started GET "/legislators/" for 127.0.0.1 at 2017-02-22 18:04:38 -0500
Processing by LegislatorsController#index as HTML
Completed 500 Internal Server Error in 293ms (ActiveRecord: 0.0ms)


  
NoMethodError (undefined method `collect' for #<HTTParty::Response:0x000000032036d8>):
  
app/models/legislator.rb:11:in `search_location'
app/controllers/legislators_controller.rb:3:in `index'
Started GET "/legislators/?lat=43.0276219&long=-71.43800320000003" for 127.0.0.1 at 2017-02-22 18:04:44 -0500
Processing by LegislatorsController#index as HTML
  Parameters: {"lat"=>"43.0276219", "long"=>"-71.43800320000003"}
Completed 200 OK in 1731ms (Views: 1.0ms | ActiveRecord: 0.0ms)


Started GET "/legislators/" for 127.0.0.1 at 2017-02-22 18:04:58 -0500
Processing by LegislatorsController#index as HTML
Completed 500 Internal Server Error in 275ms (ActiveRecord: 0.0ms)


  
NoMethodError (undefined method `collect' for #<HTTParty::Response:0x000000020d8430>):
  
app/models/legislator.rb:11:in `search_location'
app/controllers/legislators_controller.rb:3:in `index'
Started GET "/legislators/?lat=43.0276219&long=-71.43800320000003" for 127.0.0.1 at 2017-02-22 18:05:02 -0500
Processing by LegislatorsController#index as HTML
  Parameters: {"lat"=>"43.0276219", "long"=>"-71.43800320000003"}
Completed 200 OK in 1608ms (Views: 0.9ms | ActiveRecord: 0.0ms)


Started GET "/legislators/" for 127.0.0.1 at 2017-02-22 18:06:12 -0500
Processing by LegislatorsController#index as HTML
Completed 500 Internal Server Error in 390ms (ActiveRecord: 0.0ms)


  
NoMethodError (undefined method `collect' for #<HTTParty::Response:0x000000039a58f0>):
  
app/models/legislator.rb:11:in `search_location'
app/controllers/legislators_controller.rb:3:in `index'
Started GET "/legislators/?lat=43.0276219&long=-71.43800320000003" for 127.0.0.1 at 2017-02-22 18:06:18 -0500
Processing by LegislatorsController#index as HTML
  Parameters: {"lat"=>"43.0276219", "long"=>"-71.43800320000003"}
Completed 200 OK in 1608ms (Views: 0.3ms | ActiveRecord: 0.0ms)


Started GET "/legislators/" for 127.0.0.1 at 2017-02-22 18:06:55 -0500
Processing by LegislatorsController#index as HTML
Completed 500 Internal Server Error in 295ms (ActiveRecord: 0.0ms)


  
NoMethodError (undefined method `collect' for #<HTTParty::Response:0x00000003414968>):
  
app/models/legislator.rb:11:in `search_location'
app/controllers/legislators_controller.rb:3:in `index'
Started GET "/legislators/?lat=43.0276219&long=-71.43800320000003" for 127.0.0.1 at 2017-02-22 18:27:24 -0500
Processing by LegislatorsController#index as HTML
  Parameters: {"lat"=>"43.0276219", "long"=>"-71.43800320000003"}
Completed 200 OK in 1798ms (Views: 0.8ms | ActiveRecord: 0.0ms)


Started GET "/legislators/?lat=43.0276219&long=-71.43800320000003" for 127.0.0.1 at 2017-02-22 19:02:57 -0500
Processing by LegislatorsController#index as HTML
  Parameters: {"lat"=>"43.0276219", "long"=>"-71.43800320000003"}
Completed 200 OK in 1839ms (Views: 0.9ms | ActiveRecord: 0.0ms)


Started GET "/legislators/?lat=43.0276219&long=-71.43800320000003" for 127.0.0.1 at 2017-02-22 19:05:07 -0500
Processing by LegislatorsController#index as HTML
  Parameters: {"lat"=>"43.0276219", "long"=>"-71.43800320000003"}
Completed 200 OK in 4778ms (Views: 1.0ms | ActiveRecord: 0.0ms)


Started GET "/states" for 127.0.0.1 at 2017-02-22 19:05:16 -0500
Processing by StatesController#index as HTML
Completed 200 OK in 293ms (Views: 7.4ms | ActiveRecord: 0.0ms)


Started GET "/states/ky" for 127.0.0.1 at 2017-02-22 19:05:17 -0500
Processing by StatesController#show as HTML
  Parameters: {"id"=>"ky"}
Completed 200 OK in 648ms (Views: 13.5ms | ActiveRecord: 0.0ms)


Started GET "/states" for 127.0.0.1 at 2017-02-22 19:05:20 -0500
Processing by StatesController#index as HTML
Completed 200 OK in 292ms (Views: 12.0ms | ActiveRecord: 0.0ms)


Started GET "/states/ca" for 127.0.0.1 at 2017-02-22 19:05:58 -0500
Processing by StatesController#show as HTML
  Parameters: {"id"=>"ca"}
Completed 200 OK in 655ms (Views: 7.1ms | ActiveRecord: 0.0ms)


Started GET "/states" for 127.0.0.1 at 2017-02-22 19:06:00 -0500
Processing by StatesController#index as HTML
Completed 200 OK in 300ms (Views: 7.2ms | ActiveRecord: 0.0ms)


Started GET "/states/ma" for 127.0.0.1 at 2017-02-22 19:06:29 -0500
Processing by StatesController#show as HTML
  Parameters: {"id"=>"ma"}
Completed 200 OK in 661ms (Views: 16.7ms | ActiveRecord: 0.0ms)


Started GET "/states" for 127.0.0.1 at 2017-02-22 19:06:35 -0500
Processing by StatesController#index as HTML
Completed 200 OK in 536ms (Views: 8.6ms | ActiveRecord: 0.0ms)


Started GET "/" for 127.0.0.1 at 2017-02-22 19:30:56 -0500
Processing by HomeController#index as HTML
Completed 204 No Content in 0ms (ActiveRecord: 0.0ms)


Started GET "/states" for 127.0.0.1 at 2017-02-22 19:32:11 -0500
Processing by StatesController#index as HTML
Completed 200 OK in 347ms (Views: 6.3ms | ActiveRecord: 0.0ms)


Started GET "/states/ca" for 127.0.0.1 at 2017-02-22 19:32:17 -0500
Processing by StatesController#show as HTML
  Parameters: {"id"=>"ca"}
Completed 200 OK in 716ms (Views: 8.8ms | ActiveRecord: 0.0ms)


Started GET "/states" for 127.0.0.1 at 2017-02-22 19:32:20 -0500
Processing by StatesController#index as HTML
Completed 200 OK in 261ms (Views: 8.6ms | ActiveRecord: 0.0ms)


Started GET "/legislators/?lat=43.0276219&long=-71.43800320000003" for 127.0.0.1 at 2017-02-22 19:32:30 -0500
Processing by LegislatorsController#index as HTML
  Parameters: {"lat"=>"43.0276219", "long"=>"-71.43800320000003"}
Completed 200 OK in 1893ms (Views: 1.1ms | ActiveRecord: 0.0ms)


Started GET "/states" for 127.0.0.1 at 2017-02-22 19:34:04 -0500
Processing by StatesController#index as HTML
Completed 200 OK in 324ms (Views: 12.1ms | ActiveRecord: 0.0ms)


Started GET "/states/de" for 127.0.0.1 at 2017-02-22 19:34:07 -0500
Processing by StatesController#show as HTML
  Parameters: {"id"=>"de"}
Completed 200 OK in 632ms (Views: 9.3ms | ActiveRecord: 0.0ms)


Started GET "/states" for 127.0.0.1 at 2017-02-22 19:34:08 -0500
Processing by StatesController#index as HTML
Completed 200 OK in 286ms (Views: 8.5ms | ActiveRecord: 0.0ms)


Started GET "/states" for 127.0.0.1 at 2017-02-22 19:35:29 -0500
Processing by StatesController#index as HTML
Completed 200 OK in 331ms (Views: 7.0ms | ActiveRecord: 0.0ms)


Started GET "/states" for 127.0.0.1 at 2017-02-22 19:54:25 -0500
Processing by StatesController#index as HTML
Completed 200 OK in 438ms (Views: 8.4ms | ActiveRecord: 0.0ms)


Started GET "/states" for 127.0.0.1 at 2017-02-22 19:54:28 -0500
Processing by StatesController#index as HTML
Completed 200 OK in 340ms (Views: 3.4ms | ActiveRecord: 0.0ms)


Started GET "/states" for 127.0.0.1 at 2017-02-22 19:54:33 -0500
Processing by StatesController#index as HTML
Completed 200 OK in 403ms (Views: 12.7ms | ActiveRecord: 0.0ms)


Started GET "/states" for 127.0.0.1 at 2017-02-22 19:54:36 -0500
Processing by StatesController#index as HTML
Completed 200 OK in 296ms (Views: 13.8ms | ActiveRecord: 0.0ms)


